09:10:32: Stranger: Schedule created.
09:11:09: Stranger: MA4ETE Collected.
09:11:12: Stranger: kisurik Bank Overflows!
09:40:07: Stranger: Mad Scientist Collected.
09:43:07: Stranger: Sirion Collected.
09:48:30: Stranger: Teodor Collected.
10:11:13: Stranger: kisurik Bank Overflows!
10:41:51: Stranger: MA4ETE Collected.
11:06:13: Stranger: Mad Scientist Collected.
11:09:03: Stranger: Mad Scientist Collected.
11:10:41: Stranger: Mad Scientist Collected.
11:10:46: Stranger: Sirion Collected.
11:11:13: Stranger: kisurik Bank Overflows!
11:12:03: Stranger: Sirion Collected.
11:13:48: Stranger: Sirion Collected.
11:15:05: Stranger: Teodor Collected.
11:16:23: Stranger: kisurik Bank Overflows!
11:16:44: Stranger: Teodor Collected.
11:17:15: Stranger: MA4ETE Collected.
11:17:43: Stranger: kisurik Collected.
11:18:41: Stranger: MA4ETE Collected.
11:19:19: Stranger: Teodor Collected.
12:11:13: Stranger: kisurik Bank Overflows!
12:12:48: Stranger: MA4ETE Collected.
12:16:23: Stranger: kisurik Bank Overflows!
12:41:14: Stranger: Mad Scientist Collected.
12:44:36: Stranger: Sirion Collected.
12:50:15: Stranger: Teodor Collected.
13:11:13: Stranger: kisurik Missed.
13:16:24: Stranger: kisurik Missed.
13:43:29: Stranger: MA4ETE Missed.
14:06:28: Stranger: kisurik Collected.
14:09:56: Stranger: Mad Scientist Collected.
14:11:52: Stranger: Mad Scientist Collected.
14:12:40: Stranger: Sirion Collected.
14:15:08: Stranger: Sirion Collected.
14:17:35: Stranger: Teodor Collected.
14:18:22: Stranger: kisurik Collected.
14:19:38: Stranger: MA4ETE Missed.
14:20:58: Stranger: Teodor Collected.
