16:46:13 Stranger: Schedule created.
16:47:25 Stranger: swat Collected.
16:47:33 Stranger: BigFish Collected.
16:47:33 Stranger: qwert31 Collected.
16:47:51 Stranger: shalber Missed.
16:47:51 Stranger: Alexius Collected.
16:47:51 Stranger: ils Collected.
16:47:51 Stranger: Mr Hohner Collected.
16:48:00 Stranger: goshik Collected.
16:48:00 Stranger: ATAMAH Collected.
16:48:00 Stranger: Filin Collected.
16:48:00 Stranger: Bereza Collected.
16:48:08 Stranger: kisurik3 Collected.
16:48:08 Stranger: Kingkong Collected.
16:48:08 Stranger: Volk94 Collected.
16:48:17 Stranger: Dark Sirion Collected.
16:48:17 Stranger: Ondrik Collected.
16:48:26 Stranger: Anastsia Collected.
16:48:26 Stranger: Anastasiy Collected.
16:48:26 Stranger: Aleksey731 Collected.
16:49:06 Stranger: MA4ETE Collected.
17:13:05 Stranger: Schedule created.
17:14:01 Stranger: goshik Collected.
17:14:03 Stranger: qwert31 Collected.
17:14:27 Stranger: Filin Collected.
17:14:30 Stranger: Anastasiy Collected.
17:14:59 Stranger: ils Collected.
17:15:49 Stranger: swat Collected.
17:16:04 Stranger: Bereza Collected.
17:16:09 Stranger: BigFish Collected.
17:16:11 Stranger: Anastsia Collected.
17:16:20 Stranger: MA4ETE Collected.
17:16:21 Stranger: Volk94 Collected.
17:16:28 Stranger: kisurik3 Collected.
17:16:36 Stranger: Alexius Collected.
17:16:49 Stranger: ATAMAH Collected.
17:17:17 Stranger: shalber Collected.
17:19:25 Stranger: Kingkong Missed.
17:22:59 Stranger: Dark Sirion Collected.
17:27:39 Stranger: Mr Hohner Collected.
17:32:56 Stranger: Ondrik Collected.
17:41:41 Stranger: Kingkong Collected.
17:42:29 Stranger: Dark Sirion Collected.
18:06:36 Stranger: Aleksey731 Collected.
19:00:16 Stranger: Ondrik Collected.
19:37:50 Stranger: qwert31 Collected.
19:47:40 Stranger: shalber Collected.
19:48:06 Stranger: swat Collected.
19:48:08 Stranger: qwert31 Collected.
19:48:19 Stranger: Alexius Collected.
19:48:20 Stranger: BigFish Missed.
19:48:32 Stranger: Mr Hohner Collected.
19:48:33 Stranger: Bereza Collected.
19:48:46 Stranger: ATAMAH Collected.
19:48:51 Stranger: Kingkong Collected.
19:48:55 Stranger: Volk94 Missed.
19:48:56 Stranger: ils Missed.
19:49:04 Stranger: Dark Sirion Missed.
19:49:04 Stranger: goshik Collected.
19:49:05 Stranger: kisurik3 Missed.
19:49:07 Stranger: Filin Collected.
19:49:14 Stranger: Anastasiy Missed.
19:49:17 Stranger: Anastsia Collected.
19:49:20 Stranger: Aleksey731 Missed.
19:49:30 Stranger: Ondrik Missed.
19:50:08 Stranger: MA4ETE Missed.
20:00:11 Stranger: Mr Hohner Collected.
22:31:14 Stranger: goshik Collected.
22:37:20 Stranger: Bereza Collected.
22:37:33 Stranger: Volk94 Collected.
22:37:38 Stranger: kisurik3 Collected.
22:37:40 Stranger: Filin Collected.
22:37:41 Stranger: BigFish Collected.
22:37:43 Stranger: ATAMAH Collected.
22:37:51 Stranger: swat Collected.
22:37:53 Stranger: shalber Collected.
22:38:05 Stranger: ils Collected.
22:38:05 Stranger: Anastsia Collected.
22:38:08 Stranger: MA4ETE Collected.
22:38:14 Stranger: Anastasiy Collected.
22:38:14 Stranger: Alexius Collected.
08:59:49 Stranger: Schedule created.
09:00:37 Stranger: goshik Bank Overflows!
